<?xml version="1.0" encoding="UTF-8"?>
<testng-results skipped="0" failed="0" ignored="0" total="4" passed="4">
  <reporter-output>
  </reporter-output>
  <suite name="Suite" duration-ms="12076" started-at="2021-04-07T15:11:20Z" finished-at="2021-04-07T15:11:32Z">
    <groups>
    </groups>
    <test name="Test" duration-ms="12076" started-at="2021-04-07T15:11:20Z" finished-at="2021-04-07T15:11:32Z">
      <class name="com.homepage.basicFramework.testscript.TestHomePage">
        <test-method status="PASS" signature="initializeBrowser(java.lang.String)[pri:0, instance:com.homepage.basicFramework.testscript.TestHomePage@77caeb3e]" name="initializeBrowser" is-config="true" duration-ms="3770" started-at="2021-04-07T15:11:20Z" finished-at="2021-04-07T15:11:24Z">
          <params>
            <param index="0">
              <value>
                <![CDATA[chrome]]>
              </value>
            </param>
          </params>
          <reporter-output>
          </reporter-output>
        </test-method> <!-- initializeBrowser -->
        <test-method status="PASS" signature="invokeBrowser()[pri:0, instance:com.homepage.basicFramework.testscript.TestHomePage@77caeb3e]" name="invokeBrowser" is-config="true" duration-ms="4297" started-at="2021-04-07T15:11:24Z" finished-at="2021-04-07T15:11:28Z">
          <reporter-output>
          </reporter-output>
        </test-method> <!-- invokeBrowser -->
        <test-method status="PASS" signature="validateHeader(java.lang.String)[pri:1, instance:com.homepage.basicFramework.testscript.TestHomePage@77caeb3e]" name="validateHeader" duration-ms="244" started-at="2021-04-07T15:11:29Z" data-provider="headerData" finished-at="2021-04-07T15:11:30Z">
          <params>
            <param index="0">
              <value>
                <![CDATA[Sitemap]]>
              </value>
            </param>
          </params>
          <reporter-output>
          </reporter-output>
        </test-method> <!-- validateHeader -->
        <test-method status="PASS" signature="validateHeader(java.lang.String)[pri:1, instance:com.homepage.basicFramework.testscript.TestHomePage@77caeb3e]" name="validateHeader" duration-ms="101" started-at="2021-04-07T15:11:30Z" data-provider="headerData" finished-at="2021-04-07T15:11:30Z">
          <params>
            <param index="0">
              <value>
                <![CDATA[Services]]>
              </value>
            </param>
          </params>
          <reporter-output>
          </reporter-output>
        </test-method> <!-- validateHeader -->
        <test-method status="PASS" signature="validateHeader(java.lang.String)[pri:1, instance:com.homepage.basicFramework.testscript.TestHomePage@77caeb3e]" name="validateHeader" duration-ms="88" started-at="2021-04-07T15:11:30Z" data-provider="headerData" finished-at="2021-04-07T15:11:30Z">
          <params>
            <param index="0">
              <value>
                <![CDATA[Careers]]>
              </value>
            </param>
          </params>
          <reporter-output>
          </reporter-output>
        </test-method> <!-- validateHeader -->
        <test-method status="PASS" signature="validateHeader(java.lang.String)[pri:1, instance:com.homepage.basicFramework.testscript.TestHomePage@77caeb3e]" name="validateHeader" duration-ms="107" started-at="2021-04-07T15:11:30Z" data-provider="headerData" finished-at="2021-04-07T15:11:30Z">
          <params>
            <param index="0">
              <value>
                <![CDATA[Contact Us]]>
              </value>
            </param>
          </params>
          <reporter-output>
          </reporter-output>
        </test-method> <!-- validateHeader -->
        <test-method status="PASS" signature="closeBrowser()[pri:0, instance:com.homepage.basicFramework.testscript.TestHomePage@77caeb3e]" name="closeBrowser" is-config="true" duration-ms="2075" started-at="2021-04-07T15:11:30Z" finished-at="2021-04-07T15:11:32Z">
          <reporter-output>
          </reporter-output>
        </test-method> <!-- closeBrowser -->
      </class> <!-- com.homepage.basicFramework.testscript.TestHomePage -->
    </test> <!-- Test -->
  </suite> <!-- Suite -->
</testng-results>
