<?xml version="1.0" encoding="UTF-8"?>
<testng-results skipped="1" failed="0" ignored="0" total="1" passed="0">
  <reporter-output>
  </reporter-output>
  <suite name="Suite" duration-ms="13511" started-at="2021-04-14T07:37:20Z" finished-at="2021-04-14T07:37:33Z">
    <groups>
    </groups>
    <test name="Test" duration-ms="13511" started-at="2021-04-14T07:37:20Z" finished-at="2021-04-14T07:37:33Z">
      <class name="com.atmecs.konakart.testscript.Annotation">
        <test-method status="PASS" signature="intitailizeBrowser(java.lang.String)[pri:0, instance:com.atmecs.konakart.testscript.Annotation@6f7fd0e6]" name="intitailizeBrowser" is-config="true" duration-ms="2734" started-at="2021-04-14T07:37:20Z" finished-at="2021-04-14T07:37:22Z">
          <params>
            <param index="0">
              <value>
                <![CDATA[chrome]]>
              </value>
            </param>
          </params>
          <reporter-output>
          </reporter-output>
        </test-method> <!-- intitailizeBrowser -->
        <test-method status="PASS" signature="invokeBrowser()[pri:0, instance:com.atmecs.konakart.testscript.Annotation@6f7fd0e6]" name="invokeBrowser" is-config="true" duration-ms="8883" started-at="2021-04-14T07:37:22Z" finished-at="2021-04-14T07:37:31Z">
          <reporter-output>
          </reporter-output>
        </test-method> <!-- invokeBrowser -->
        <test-method status="SKIP" signature="testing1(java.lang.String)[pri:0, instance:com.atmecs.konakart.testscript.Annotation@6f7fd0e6]" name="testing1" duration-ms="0" started-at="2021-04-14T07:37:31Z" data-provider="Testing" finished-at="2021-04-14T07:37:31Z">
          <exception class="java.lang.RuntimeException">
            <message>
              <![CDATA[java.lang.NullPointerException]]>
            </message>
            <full-stacktrace>
              <![CDATA[java.lang.RuntimeException: java.lang.NullPointerException
at org.testng.internal.MethodInvocationHelper.invokeMethodNoCheckedException(MethodInvocationHelper.java:49)
at org.testng.internal.MethodInvocationHelper.invokeDataProvider(MethodInvocationHelper.java:131)
at org.testng.internal.Parameters.handleParameters(Parameters.java:706)
at org.testng.internal.ParameterHandler.handleParameters(ParameterHandler.java:49)
at org.testng.internal.ParameterHandler.createParameters(ParameterHandler.java:37)
at org.testng.internal.Invoker.invokeTestMethods(Invoker.java:924)
at org.testng.internal.TestMethodWorker.invokeTestMethods(TestMethodWorker.java:125)
at org.testng.internal.TestMethodWorker.run(TestMethodWorker.java:109)
at org.testng.TestRunner.privateRun(TestRunner.java:648)
at org.testng.TestRunner.run(TestRunner.java:505)
at org.testng.SuiteRunner.runTest(SuiteRunner.java:455)
at org.testng.SuiteRunner.runSequentially(SuiteRunner.java:450)
at org.testng.SuiteRunner.privateRun(SuiteRunner.java:415)
at org.testng.SuiteRunner.run(SuiteRunner.java:364)
at org.testng.SuiteRunnerWorker.runSuite(SuiteRunnerWorker.java:52)
at org.testng.SuiteRunnerWorker.run(SuiteRunnerWorker.java:84)
at org.testng.TestNG.runSuitesSequentially(TestNG.java:1208)
at org.testng.TestNG.runSuitesLocally(TestNG.java:1137)
at org.testng.TestNG.runSuites(TestNG.java:1049)
at org.testng.TestNG.run(TestNG.java:1017)
at org.testng.remote.AbstractRemoteTestNG.run(AbstractRemoteTestNG.java:115)
at org.testng.remote.RemoteTestNG.initAndRun(RemoteTestNG.java:251)
at org.testng.remote.RemoteTestNG.main(RemoteTestNG.java:77)
Caused by: java.lang.NullPointerException
at com.atmecs.konakart.utils.ReadExcelFile.totalRowsinSheet(ReadExcelFile.java:53)
at com.atmecs.konakart.utils.ProvideData.testData(ProvideData.java:28)
at com.atmecs.konakart.dataprovider.TestDataProvider.testData(TestDataProvider.java:17)
at sun.reflect.NativeMethodAccessorImpl.invoke0(Native Method)
at sun.reflect.NativeMethodAccessorImpl.invoke(NativeMethodAccessorImpl.java:62)
at sun.reflect.DelegatingMethodAccessorImpl.invoke(DelegatingMethodAccessorImpl.java:43)
at java.lang.reflect.Method.invoke(Method.java:498)
at org.testng.internal.MethodInvocationHelper.invokeMethod(MethodInvocationHelper.java:124)
at org.testng.internal.MethodInvocationHelper.invokeMethod(MethodInvocationHelper.java:74)
at org.testng.internal.MethodInvocationHelper.invokeMethodNoCheckedException(MethodInvocationHelper.java:45)
... 22 more
]]>
            </full-stacktrace>
          </exception> <!-- java.lang.RuntimeException -->
          <reporter-output>
          </reporter-output>
        </test-method> <!-- testing1 -->
        <test-method status="PASS" signature="closeBrowser()[pri:0, instance:com.atmecs.konakart.testscript.Annotation@6f7fd0e6]" name="closeBrowser" is-config="true" duration-ms="1821" started-at="2021-04-14T07:37:31Z" finished-at="2021-04-14T07:37:33Z">
          <reporter-output>
          </reporter-output>
        </test-method> <!-- closeBrowser -->
      </class> <!-- com.atmecs.konakart.testscript.Annotation -->
    </test> <!-- Test -->
  </suite> <!-- Suite -->
</testng-results>
