<?xml version="1.0" encoding="UTF-8"?>
<testng-results skipped="0" failed="0" ignored="0" total="9" passed="9">
  <reporter-output>
  </reporter-output>
  <suite name="Suite" duration-ms="13776" started-at="2021-04-07T07:56:46Z" finished-at="2021-04-07T07:57:00Z">
    <groups>
    </groups>
    <test name="Test" duration-ms="13776" started-at="2021-04-07T07:56:46Z" finished-at="2021-04-07T07:57:00Z">
      <class name="com.atmecs.frameworkForTraining.testscript.TestHomePage">
        <test-method status="PASS" signature="intitailizeBrowser(java.lang.String)[pri:0, instance:com.atmecs.frameworkForTraining.testscript.TestHomePage@42d80b78]" name="intitailizeBrowser" is-config="true" duration-ms="4054" started-at="2021-04-07T07:56:46Z" finished-at="2021-04-07T07:56:50Z">
          <params>
            <param index="0">
              <value>
                <![CDATA[chrome]]>
              </value>
            </param>
          </params>
          <reporter-output>
          </reporter-output>
        </test-method> <!-- intitailizeBrowser -->
        <test-method status="PASS" signature="invokeBrowser()[pri:0, instance:com.atmecs.frameworkForTraining.testscript.TestHomePage@42d80b78]" name="invokeBrowser" is-config="true" duration-ms="4515" started-at="2021-04-07T07:56:50Z" finished-at="2021-04-07T07:56:55Z">
          <reporter-output>
          </reporter-output>
        </test-method> <!-- invokeBrowser -->
        <test-method status="PASS" signature="validateHeader(java.lang.String)[pri:1, instance:com.atmecs.frameworkForTraining.testscript.TestHomePage@42d80b78]" name="validateHeader" duration-ms="361" started-at="2021-04-07T07:56:57Z" data-provider="headerData" finished-at="2021-04-07T07:56:57Z">
          <params>
            <param index="0">
              <value>
                <![CDATA[Home]]>
              </value>
            </param>
          </params>
          <reporter-output>
          </reporter-output>
        </test-method> <!-- validateHeader -->
        <test-method status="PASS" signature="validateHeader(java.lang.String)[pri:1, instance:com.atmecs.frameworkForTraining.testscript.TestHomePage@42d80b78]" name="validateHeader" duration-ms="146" started-at="2021-04-07T07:56:57Z" data-provider="headerData" finished-at="2021-04-07T07:56:57Z">
          <params>
            <param index="0">
              <value>
                <![CDATA[About Us]]>
              </value>
            </param>
          </params>
          <reporter-output>
          </reporter-output>
        </test-method> <!-- validateHeader -->
        <test-method status="PASS" signature="validateHeader(java.lang.String)[pri:1, instance:com.atmecs.frameworkForTraining.testscript.TestHomePage@42d80b78]" name="validateHeader" duration-ms="165" started-at="2021-04-07T07:56:57Z" data-provider="headerData" finished-at="2021-04-07T07:56:57Z">
          <params>
            <param index="0">
              <value>
                <![CDATA[Specialty Practices]]>
              </value>
            </param>
          </params>
          <reporter-output>
          </reporter-output>
        </test-method> <!-- validateHeader -->
        <test-method status="PASS" signature="validateHeader(java.lang.String)[pri:1, instance:com.atmecs.frameworkForTraining.testscript.TestHomePage@42d80b78]" name="validateHeader" duration-ms="165" started-at="2021-04-07T07:56:57Z" data-provider="headerData" finished-at="2021-04-07T07:56:57Z">
          <params>
            <param index="0">
              <value>
                <![CDATA[Services]]>
              </value>
            </param>
          </params>
          <reporter-output>
          </reporter-output>
        </test-method> <!-- validateHeader -->
        <test-method status="PASS" signature="validateHeader(java.lang.String)[pri:1, instance:com.atmecs.frameworkForTraining.testscript.TestHomePage@42d80b78]" name="validateHeader" duration-ms="165" started-at="2021-04-07T07:56:57Z" data-provider="headerData" finished-at="2021-04-07T07:56:58Z">
          <params>
            <param index="0">
              <value>
                <![CDATA[Media]]>
              </value>
            </param>
          </params>
          <reporter-output>
          </reporter-output>
        </test-method> <!-- validateHeader -->
        <test-method status="PASS" signature="validateHeader(java.lang.String)[pri:1, instance:com.atmecs.frameworkForTraining.testscript.TestHomePage@42d80b78]" name="validateHeader" duration-ms="151" started-at="2021-04-07T07:56:58Z" data-provider="headerData" finished-at="2021-04-07T07:56:58Z">
          <params>
            <param index="0">
              <value>
                <![CDATA[Insights]]>
              </value>
            </param>
          </params>
          <reporter-output>
          </reporter-output>
        </test-method> <!-- validateHeader -->
        <test-method status="PASS" signature="validateHeader(java.lang.String)[pri:1, instance:com.atmecs.frameworkForTraining.testscript.TestHomePage@42d80b78]" name="validateHeader" duration-ms="189" started-at="2021-04-07T07:56:58Z" data-provider="headerData" finished-at="2021-04-07T07:56:58Z">
          <params>
            <param index="0">
              <value>
                <![CDATA[Careers]]>
              </value>
            </param>
          </params>
          <reporter-output>
          </reporter-output>
        </test-method> <!-- validateHeader -->
        <test-method status="PASS" signature="validateHeader(java.lang.String)[pri:1, instance:com.atmecs.frameworkForTraining.testscript.TestHomePage@42d80b78]" name="validateHeader" duration-ms="220" started-at="2021-04-07T07:56:58Z" data-provider="headerData" finished-at="2021-04-07T07:56:58Z">
          <params>
            <param index="0">
              <value>
                <![CDATA[Contact Us]]>
              </value>
            </param>
          </params>
          <reporter-output>
          </reporter-output>
        </test-method> <!-- validateHeader -->
        <test-method status="PASS" signature="validateHeader(java.lang.String)[pri:1, instance:com.atmecs.frameworkForTraining.testscript.TestHomePage@42d80b78]" name="validateHeader" duration-ms="210" started-at="2021-04-07T07:56:58Z" data-provider="headerData" finished-at="2021-04-07T07:56:58Z">
          <params>
            <param index="0">
              <value>
                <![CDATA[Partners]]>
              </value>
            </param>
          </params>
          <reporter-output>
          </reporter-output>
        </test-method> <!-- validateHeader -->
        <test-method status="PASS" signature="closeBrowser()[pri:0, instance:com.atmecs.frameworkForTraining.testscript.TestHomePage@42d80b78]" name="closeBrowser" is-config="true" duration-ms="1469" started-at="2021-04-07T07:56:58Z" finished-at="2021-04-07T07:57:00Z">
          <reporter-output>
          </reporter-output>
        </test-method> <!-- closeBrowser -->
      </class> <!-- com.atmecs.frameworkForTraining.testscript.TestHomePage -->
    </test> <!-- Test -->
  </suite> <!-- Suite -->
</testng-results>
