<?xml version="1.0" encoding="UTF-8"?>
<!-- Generated by org.testng.reporters.JUnitXMLReporter -->
<testsuite hostname="ATMECSINLT-184" ignored="0" name="Test" tests="9" failures="0" timestamp="07 Apr 2021 07:57:00 GMT" time="13.776" errors="0">
  <testcase name="validateHeader" time="0.361" classname="com.atmecs.frameworkForTraining.testscript.TestHomePage"/>
  <testcase name="validateHeader" time="0.146" classname="com.atmecs.frameworkForTraining.testscript.TestHomePage"/>
  <testcase name="validateHeader" time="0.165" classname="com.atmecs.frameworkForTraining.testscript.TestHomePage"/>
  <testcase name="validateHeader" time="0.165" classname="com.atmecs.frameworkForTraining.testscript.TestHomePage"/>
  <testcase name="validateHeader" time="0.165" classname="com.atmecs.frameworkForTraining.testscript.TestHomePage"/>
  <testcase name="validateHeader" time="0.151" classname="com.atmecs.frameworkForTraining.testscript.TestHomePage"/>
  <testcase name="validateHeader" time="0.189" classname="com.atmecs.frameworkForTraining.testscript.TestHomePage"/>
  <testcase name="validateHeader" time="0.22" classname="com.atmecs.frameworkForTraining.testscript.TestHomePage"/>
  <testcase name="validateHeader" time="0.21" classname="com.atmecs.frameworkForTraining.testscript.TestHomePage"/>
</testsuite> <!-- Test -->
