<?xml version="1.0" encoding="UTF-8"?>
<testng-results skipped="0" failed="0" ignored="0" total="9" passed="9">
  <reporter-output>
  </reporter-output>
  <suite name="Suite" duration-ms="14149" started-at="2021-04-07T13:44:50Z" finished-at="2021-04-07T13:45:04Z">
    <groups>
    </groups>
    <test name="Test" duration-ms="14149" started-at="2021-04-07T13:44:50Z" finished-at="2021-04-07T13:45:04Z">
      <class name="com.atmecs.demoProject.testscript.TestHomePage">
        <test-method status="PASS" signature="intitailizeBrowser(java.lang.String, java.lang.String)[pri:0, instance:com.atmecs.demoProject.testscript.TestHomePage@6f7fd0e6]" name="intitailizeBrowser" is-config="true" duration-ms="3578" started-at="2021-04-07T13:44:50Z" finished-at="2021-04-07T13:44:54Z">
          <params>
            <param index="0">
              <value>
                <![CDATA[chrome]]>
              </value>
            </param>
            <param index="1">
              <value>
                <![CDATA[grid]]>
              </value>
            </param>
          </params>
          <reporter-output>
          </reporter-output>
        </test-method> <!-- intitailizeBrowser -->
        <test-method status="PASS" signature="invokeBrowser()[pri:0, instance:com.atmecs.demoProject.testscript.TestHomePage@6f7fd0e6]" name="invokeBrowser" is-config="true" duration-ms="4214" started-at="2021-04-07T13:44:54Z" finished-at="2021-04-07T13:44:58Z">
          <reporter-output>
          </reporter-output>
        </test-method> <!-- invokeBrowser -->
        <test-method status="PASS" signature="validateHeader(java.lang.String)[pri:1, instance:com.atmecs.demoProject.testscript.TestHomePage@6f7fd0e6]" name="validateHeader" duration-ms="349" started-at="2021-04-07T13:45:01Z" data-provider="headerData" finished-at="2021-04-07T13:45:01Z">
          <params>
            <param index="0">
              <value>
                <![CDATA[Home]]>
              </value>
            </param>
          </params>
          <reporter-output>
          </reporter-output>
        </test-method> <!-- validateHeader -->
        <test-method status="PASS" signature="validateHeader(java.lang.String)[pri:1, instance:com.atmecs.demoProject.testscript.TestHomePage@6f7fd0e6]" name="validateHeader" duration-ms="312" started-at="2021-04-07T13:45:01Z" data-provider="headerData" finished-at="2021-04-07T13:45:02Z">
          <params>
            <param index="0">
              <value>
                <![CDATA[About Us]]>
              </value>
            </param>
          </params>
          <reporter-output>
          </reporter-output>
        </test-method> <!-- validateHeader -->
        <test-method status="PASS" signature="validateHeader(java.lang.String)[pri:1, instance:com.atmecs.demoProject.testscript.TestHomePage@6f7fd0e6]" name="validateHeader" duration-ms="251" started-at="2021-04-07T13:45:02Z" data-provider="headerData" finished-at="2021-04-07T13:45:02Z">
          <params>
            <param index="0">
              <value>
                <![CDATA[Specialty Practices]]>
              </value>
            </param>
          </params>
          <reporter-output>
          </reporter-output>
        </test-method> <!-- validateHeader -->
        <test-method status="PASS" signature="validateHeader(java.lang.String)[pri:1, instance:com.atmecs.demoProject.testscript.TestHomePage@6f7fd0e6]" name="validateHeader" duration-ms="250" started-at="2021-04-07T13:45:02Z" data-provider="headerData" finished-at="2021-04-07T13:45:02Z">
          <params>
            <param index="0">
              <value>
                <![CDATA[Services]]>
              </value>
            </param>
          </params>
          <reporter-output>
          </reporter-output>
        </test-method> <!-- validateHeader -->
        <test-method status="PASS" signature="validateHeader(java.lang.String)[pri:1, instance:com.atmecs.demoProject.testscript.TestHomePage@6f7fd0e6]" name="validateHeader" duration-ms="349" started-at="2021-04-07T13:45:02Z" data-provider="headerData" finished-at="2021-04-07T13:45:03Z">
          <params>
            <param index="0">
              <value>
                <![CDATA[Media]]>
              </value>
            </param>
          </params>
          <reporter-output>
          </reporter-output>
        </test-method> <!-- validateHeader -->
        <test-method status="PASS" signature="validateHeader(java.lang.String)[pri:1, instance:com.atmecs.demoProject.testscript.TestHomePage@6f7fd0e6]" name="validateHeader" duration-ms="342" started-at="2021-04-07T13:45:03Z" data-provider="headerData" finished-at="2021-04-07T13:45:03Z">
          <params>
            <param index="0">
              <value>
                <![CDATA[Insights]]>
              </value>
            </param>
          </params>
          <reporter-output>
          </reporter-output>
        </test-method> <!-- validateHeader -->
        <test-method status="PASS" signature="validateHeader(java.lang.String)[pri:1, instance:com.atmecs.demoProject.testscript.TestHomePage@6f7fd0e6]" name="validateHeader" duration-ms="142" started-at="2021-04-07T13:45:03Z" data-provider="headerData" finished-at="2021-04-07T13:45:03Z">
          <params>
            <param index="0">
              <value>
                <![CDATA[Careers]]>
              </value>
            </param>
          </params>
          <reporter-output>
          </reporter-output>
        </test-method> <!-- validateHeader -->
        <test-method status="PASS" signature="validateHeader(java.lang.String)[pri:1, instance:com.atmecs.demoProject.testscript.TestHomePage@6f7fd0e6]" name="validateHeader" duration-ms="106" started-at="2021-04-07T13:45:03Z" data-provider="headerData" finished-at="2021-04-07T13:45:03Z">
          <params>
            <param index="0">
              <value>
                <![CDATA[Contact Us]]>
              </value>
            </param>
          </params>
          <reporter-output>
          </reporter-output>
        </test-method> <!-- validateHeader -->
        <test-method status="PASS" signature="validateHeader(java.lang.String)[pri:1, instance:com.atmecs.demoProject.testscript.TestHomePage@6f7fd0e6]" name="validateHeader" duration-ms="109" started-at="2021-04-07T13:45:03Z" data-provider="headerData" finished-at="2021-04-07T13:45:03Z">
          <params>
            <param index="0">
              <value>
                <![CDATA[Partners]]>
              </value>
            </param>
          </params>
          <reporter-output>
          </reporter-output>
        </test-method> <!-- validateHeader -->
        <test-method status="PASS" signature="closeBrowser()[pri:0, instance:com.atmecs.demoProject.testscript.TestHomePage@6f7fd0e6]" name="closeBrowser" is-config="true" duration-ms="1006" started-at="2021-04-07T13:45:03Z" finished-at="2021-04-07T13:45:04Z">
          <reporter-output>
          </reporter-output>
        </test-method> <!-- closeBrowser -->
      </class> <!-- com.atmecs.demoProject.testscript.TestHomePage -->
    </test> <!-- Test -->
  </suite> <!-- Suite -->
</testng-results>
