<?xml version="1.0" encoding="UTF-8"?>
<!-- Generated by org.testng.reporters.JUnitXMLReporter -->
<testsuite hostname="ATMECSINLT-184" ignored="0" name="Test" tests="4" failures="0" timestamp="07 Apr 2021 15:11:32 GMT" time="12.076" errors="0">
  <testcase name="validateHeader" time="0.244" classname="com.homepage.basicFramework.testscript.TestHomePage"/>
  <testcase name="validateHeader" time="0.101" classname="com.homepage.basicFramework.testscript.TestHomePage"/>
  <testcase name="validateHeader" time="0.088" classname="com.homepage.basicFramework.testscript.TestHomePage"/>
  <testcase name="validateHeader" time="0.107" classname="com.homepage.basicFramework.testscript.TestHomePage"/>
</testsuite> <!-- Test -->
