<?xml version="1.0" encoding="UTF-8"?>
<!-- Generated by org.testng.reporters.JUnitXMLReporter -->
<testsuite hostname="ATMECSINLT-184" ignored="0" name="Test" tests="4" failures="0" timestamp="12 Apr 2021 13:37:16 GMT" time="28.765" errors="0">
  <testcase name="clickImage" time="2.13" classname="com.atmecs.konakart.testscript.TestKonaKart"/>
  <testcase name="validateHeaders" time="3.242" classname="com.atmecs.konakart.testscript.TestKonaKart"/>
  <testcase name="validateHeaders" time="0.323" classname="com.atmecs.konakart.testscript.TestKonaKart"/>
  <testcase name="validateHeaders" time="9.447" classname="com.atmecs.konakart.testscript.TestKonaKart"/>
</testsuite> <!-- Test -->
